<?xml version="1.0" encoding="UTF-8"?>
<!-- Generated by org.testng.reporters.JUnitXMLReporter -->
<testsuite ignored="0" hostname="DESKTOP-TCRVAUQ" failures="1" tests="1" name="Windows 11 Chrome" time="33.738" errors="0" timestamp="2022-04-03T13:54:09 EDT">
  <testcase classname="io.cucumber.testng.AbstractTestNGCucumberTests" name="runScenario" time="33.388">
    <failure type="io.cucumber.java.PendingException" message="TODO: implement me">
      <![CDATA[io.cucumber.java.PendingException: TODO: implement me
at stepdefinitions.DashboardSD.logff_from_the_application(DashboardSD.java:44)
at âœ½.Logff from the Application(file:///C:/git/automation-framework/src/test/resources/features/Dashboard.feature:28)
]]>
    </failure>
  </testcase> <!-- runScenario -->
</testsuite> <!-- Windows 11 Chrome -->
